[   0.000000] nitializi cgroup subsy cuset
[    0.000000] Initializing cgroup subsys cpu
[    0.000000] Initializing cgroup  subys cpuacct
[    0.000000] Linx version 4.4.0-119-generic (buildd@cy01-amd64-013) (gcc version 5.4.0 20160609 (Ubuntu 5.4.-6ubuntu1~16.04.9) ) #143-Ubuntu SMP Mon Apr 2 16:08:24 UTC 2018 (Ubuntu 4.4.0-119.143-generic 4.4.114)
[    0.000000] Command line: BOOT_IMAGE=/boot/vmlinuz-4.4.0-119-generic root=LABEL=cloudimg-rootfs ro console=tty1 console=ttyS0
[    0.000000] KERNEL supported cpus:
[    0.000000]   Intel GenuineIntel
[    0.000000]   AMD AuthenticAMD
[    0.000000]   Centaur CentaurHauls
[    0.000000] x86/fpu: xstate_offset[2]:  576, xstate_sizes[2]:  256
[    0.000000] x86/fpu: Supporting XSAVE feature 0x01: 'x87 floating point registers'
[    0.000000] x86/fpu: Supporting XSAVE feature 0x02: 'SSE registers'
[    0.000000] x86/fpu: Supporting XSAVE feature 0x04: 'AVX registers'
[    0.000000] x86/fpu: Enabled xstate features 0x7, context size is 832 bytes, using 'standard' format.
[    0.000000] x86/fpu: Using 'lazy' FPU context switches.
[    0.000000] e820: BIOS-provided physical RAM map:
[    0.000000] BIOS-e820: [mem 0x0000000000000000-0x000000000009fbff] usable
[    0.000000] BIOS-e820: [mem 0x000000000009fc00-0000000000009ff] esrved
   000000] BOSe80: [mem 0x0000000f000-0000000000fffff]reered
[    0.00000]BIS-e820: [me 0000000000100000-00000007ffff] usable
[    0.0000] BIOS-82: mem 0x00000007ff000-x0000000fffff] ACPI dat
   0.0000]BIS-e820: [mem 0x00000000fec00000-0x000000fec00fff] reseve
    0.00000] BIOS-e82 [mem 0x00000000fee00000-0x00000000fee00fff] reserved
[    0.000000] BIOS-e820: [mem 0x00000000fffc0000-0x00000000ffffffff] reserved
[    0000000] NX (Execute Disable) protection: active
[    0.000000] SMBIOS 2.5 present.
[    0.000000] Hypervisor detected: KVM
[    0.000000 e20: last_pfn = 0x7fff0 max_arch_pfn = 0x400000000
[    00000] MTRR: Disabled
[   0.0000] 86PA: MTRsdiabled, skippin PAintilizatin oo
    0.0000] PU MTRRs all blan -virtalze system.
[    0.000] 86/PAT:Cofiuratio [-7: B  WT  UC- UC  WB  WT  UC- UC  
[   .0000] found SMP MP-table t me 00009ff-0009ffff] mapped at [ffff800009ff0]
[   0.0000] Scannin1 reas for low memory corruption
[    0.000000RAMDISK: [mem 0x36aae000-0x3754efff]
[    0.000000] ACPI: Early table checksum verification disabed
[    0.000000] ACPI: RSDP 0x00000000000E0000 000024 (v02 VBOX  )
[    0.00000] ACPI: XSDT x0000007FFF0300003 (v01 VBOX   VBOXXSDT 00000001 ASL  00000061)
[   .0000] ACPI: AC 0000000007FFF0F0000F4 (v4 OX   VBOXFACP 00000001 ASL  00000061)
[   .00000] ACPI:DST x000000007FFF0470 0021FF (v2 BO   VBOXBOS0000002 NT 210528)
[   .0000] ACPI FCS 000000007FFF0200 000040
[   .0000] ACPI: AC 000000007FFF20 0000
[  000000] ACPI: APIC 0x0000007FFF0240 00005C (v02 VBOX VBOXAPIC 00000001 ASL  00000061)
[    0.000000ACPI: SSDT 00000007FFF02A0 0001CC (v01 OX  BOXCPUT 00000002 INL 015228)
[    0.000000] No NUMAonigration found
[   .00000] Faking a node at [mem 0x0000000000000000-00000007feffff]
[    000000] NODE_AT(0 allocated [mem 0x7feb000xffeffff][   0.000000] kvm-clock: Using msrs 4b564d01 and 4b5600
[    0.000000] vmlok: cpu , sr0:7ffe3001, primary cpu clk
[    .0000] kvm-clock: using schd ffetof 3802629cycles
[    0.000000] clocksource: kvm-clock: mask: 0xffffffffffffffff max_cycles: 0x1cd424dfb mx_idle_ns88159051483 ns
[    0.00000] Zone ranges:
[    0.000000]   DMA    [mem 0x0000000000001000-0x00000000fffff]
[   0.00000]  DA3    [mem 0x0000001000000-0x000000007ffeffff]
[    0.000000]   Normal   empty
[   0.000000]   Device   empt
[    0.000000] Movable one tart foreah ode
[   .0000] Earlymerynode ranges
[[    0.000000]   node   0: [mem 0x0000000000001000-00000000009eff]
[   .00000]   node  0:me 0x0000000000100000-0x0000007fefff]
[    0.000000] Inime stup node 0 [mem 0x00000000100-00000007ffeffff]
[  0000000] API: M-imr IO Pot:0x00
[    0.0000]IOAPIC[0]: apic_id 2, version 32, address 0xfec00000, GSI 0-23
[    0.000000] ACPI: INT_SRC_OVR (bus 0 bus_irq 0 global_irq 2 dfl dfl)
[    0.000000] ACPI: INT_SRC_OVR bus 0 bus_iq 9 global_irq 9 low level)
[    0.000000] Using ACP (ADT) for SMPcofiuration information
[   .00000] smpboot: Allowing 2 CPUs, 0 hotlug PU
    0.000000 P Rgister nsae memory: [mem 0x000000-00000fff]
[  0.00000 P: egistere nsae emory: [mem 0x0009f000-0x0009ffff]
[    0.0000] M: Regstednosave mmoy:[mm 0x000a0000-000effff]
[  0000000] PMReisered novememory: [mem 0x000f0000-0x000ffff][   0.000000 e20 [mem 0x80000000-0xfebfffff] availbl fr PCI devices
[    0.000000] Booting paravirtualize kernel on KVM
[    0.000000] clocksouce: reined-jiffies: mask: 0xffffffff max_cycles: 0xffffffff, max_idle_ns: 7645519600211568 ns
[    0.000000] setup_percpu: NR_CPUS:512 nr_cpumask_bits:512 nr_cpu_ids:2 nr_node_ids:1
[    0.000000] PERCPU: Embedded 34 pages/cpu @ffff88007fc00000 s99544 r8192 d31528 u1048576
[    0.000000] PV qspinlock hash table entries: 256 (order: , 4096 byte
   0.000000] Buil 1zoelsts in Nodorer mobliy roping on.  Total pages: 515960
[    0.000000] Policy zone: DMA32
[    0.000000] Kernel command line: BOOT_IMAGE=/boot/vmlinuz-4.4.0-119-generic root=LABEL=cloudimg-rootfs ro console=tty1 console=ttyS0
[    0.000000] PID hash table entries: 4096 (order: 3, 32768 bytes)
[    0.000000] Memory: 2033832K/2096696K available (8532K kernel code, 1313K rwdata, 3996K rodata, 1508K init, 1316K bss, 62864K reserved, 0K cma-reserved)
[    0.000000] SLUB: HWalign=64, Order=0-3, MinObjects=0, CPUs=2, Nodes=1
[    0.000000] Kernel/User page tablesislaion: eabed
[   0.00000]Hirachical RCimlementtin.
[   0.000000] 	Build-meadjustment of leaf fanutto64
[    00000] RCU rericting CPUs fro NR_PUS=512o r_cpu_ds2.
[    0.00000] RCU: Adjusting geoety for rcu_fanout_leaf=64, r_puids=2
[    0.000000] NR_IRQS:33024 nr_irqs:440 16
[    0.000000] Console: colour VGA+ 80x25
[    0.000000] console [tty1] enabled
[    0.000000] console [ttyS0] enabled
[    0.000000] tsc: Detected 2194.918 MHz processor
[    7.778833] Calibrating delay loop (skipped) preset value.. 4389.83 BogoMIPS (lpj=8779672)
[    7.811551] pid_max: default: 32768 minimum: 301
[    7.814470] ACPI: Core revision 20150930
[    7.835010] ACPI: 2 ACPI AML tables successfully acquired and loaded
[    7.842648] Security Framework initialized
[    7.845102] Yama: becoming mindful.
[    7.846088] AppArmor: AppArmor initialized
[    7.848922] Dentry cache hash table entries: 262144 (order: 9, 2097152 bytes)
[    7.855124] Inode-cache hash table entries: 131072 (order: 8, 1048576 bytes)
[    7.864226] Mount-cache hash table entries: 4096 (order: 3, 32768 bytes)
[    7.866070] Mountpoint-cache hash table entries: 4096 (order: 3, 32768 bytes)
[    7.870922] Initializing cgroup subsys io
[    7.874468] Initializing cgroup subsys memory
[    7.875668] Initializing cgroup subsys devices
[    7.876985] Initializing cgroup subsys freezer
[    7.885286] Initializing cgroup subsys net_cls
[    7.886702] Initializing cgroup subsys perf_event
[    7.887867] Initializing cgroup subsys net_prio
[    7.888930] Initializing cgroup subsys hugetlb
[    7.889856] Initializing cgroup subsys pids
[    7.890813] CPU: Physical Processor ID: 0
[    7.891673] CPU: Processor Core ID: 0
[    7.892489] FEATURE SPEC_CTRL Not Present
[    7.894178] mce: CPU supports 0 MCE banks
[    7.902466] Last level iTLB entries: 4KB 1024, 2MB 1024, 4MB 1024
[    7.922747] Last level dTLB entries: 4KB 1024, 2MB 1024, 4MB 1024, 1GB 4
[    7.927202] Spectre V2 mitigation: Mitigation: Full generic retpoline
[    7.967487] Spectre V2 mitigation: Speculation control IBPB not-supported IBRS not-supported
[    8.013730] Freeing SMP alternatives memory: 32K
[    8.045335] ftrace: allocating 32195 entries in 126 pages
[    8.116943] smpboot: APIC(0) Converting physical 0 to logical package 0
[    8.178434] smpboot: Max logical packages: 1
[    8.183723] x2apic enabled
[    8.201858] Switched APIC routing to physical x2apic.
[    8.239371] ..TIMER: vector=0x30 apic1=0 pin1=2 apic2=-1 pin2=-1
[    8.389614] smpboot: CPU0: Intel(R) Core(TM) i7-4770HQ CPU @ 2.20GHz (family: 0x6, model: 0x46, stepping: 0x1)
[    8.449964] Performance Events: unsupported p6 CPU model 70 no PMU driver, software events only.
[    8.510906] KVM setup paravirtual spinlock
[    8.536848] x86: Booting SMP configuration:
[    8.595060] .... node  #0, CPUs:      #1
[    8.624648] kvm-clock: cpu 1, msr 0:7ffe3041, secondary cpu clock
[    8.671867] mce: CPU supports 0 MCE banks
[    8.686287] x86: Booted up 1 node, 2 CPUs
[    8.692048] smpboot: Total of 2 processors activated (8779.67 BogoMIPS)
[    8.745225] devtmpfs: initialized
[    8.765066] evm: security.selinux
[    8.768180] evm: security.SMACK64
[    8.783538] evm: security.SMACK64EXEC
[    8.792452] evm: security.SMACK64TRANSMUTE
[    8.814450] evm: security.SMACK64MMAP
[    8.830485] evm: security.ima
[    8.851313] evm: security.capability
[    8.864484] clocksource: jiffies: mask: 0xffffffff max_cycles: 0xffffffff, max_idle_ns: 7645041785100000 ns
[    8.875762] futex hash table entries: 512 (order: 3, 32768 bytes)
[    8.900340] pinctrl core: initialized pinctrl subsystem
[    8.927914] RTC time: 20:22:51, date: 05/20/18
[    8.942200] NET: Registered protocol family 16
[    8.952986] cpuidle: using governor ladder
[    8.969156] cpuidle: using governor menu
[    8.976646] PCCT header not found.
[    8.980038] ACPI: bus type PCI registered
[    8.981056] acpiphp: ACPI Hot Plug PCI Controller Driver version: 0.5
[    8.982427] PCI: Using configuration type 1 for base access
[    8.995165] ACPI: Added _OSI(Module Device)
[    8.998693] ACPI: Added _OSI(Processor Device)
[    9.014213] ACPI: Added _OSI(3.0 _SCP Extensions)
[    9.022294] ACPI: Added _OSI(Processor Aggregator Device)
[    9.061951] ACPI: Executed 1 blocks of module-level executable AML code
[    9.092598] ACPI: Interpreter enabled
[    9.119385] ACPI: (supports S0 S5)
[    9.142155] ACPI: Using IOAPIC for interrupt routing
[    9.169376] PCI: Using host bridge windows from ACPI; if necessary, use "pci=nocrs" and report a bug
[    9.234150] ACPI: PCI Root Bridge [PCI0] (domain 0000 [bus 00-ff])
[    9.267838] acpi PNP0A03:00: _OSC: OS supports [ASPM ClockPM Segments MSI]
[    9.299916] acpi PNP0A03:00: _OSC: not requesting OS control; OS requires [ExtendedConfig ASPM ClockPM MSI]
[    9.359636] acpi PNP0A03:00: fail to add MMCONFIG information, can't access extended PCI configuration space under this bridge.
[    9.377549] PCI host bridge to bus 0000:00
[    9.411687] pci_bus 0000:00: root bus resource [io  0x0000-0x0cf7 window]
[    9.424777] pci_bus 0000:00: root bus resource [io  0x0d00-0xffff window]
[    9.475892] pci_bus 0000:00: root bus resource [mem 0x000a0000-0x000bffff window]
[    9.506423] pci_bus 0000:00: root bus resource [mem 0x80000000-0xfdffffff window]
[    9.546954] pci_bus 0000:00: root bus resource [bus 00-ff]
[    9.585866] pci 0000:00:01.1: legacy IDE quirk: reg 0x10: [io  0x01f0-0x01f7]
[    9.621948] pci 0000:00:01.1: legacy IDE quirk: reg 0x14: [io  0x03f6]
[    9.664649] pci 0000:00:01.1: legacy IDE quirk: reg 0x18: [io  0x0170-0x0177]
[    9.689693] pci 0000:00:01.1: legacy IDE quirk: reg 0x1c: [io  0x0376]
[    9.730747] pci 0000:00:07.0: quirk: [io  0x4000-0x403f] claimed by PIIX4 ACPI
[    9.741172] pci 0000:00:07.0: quirk: [io  0x4100-0x410f] claimed by PIIX4 SMB
[    9.770309] ACPI: PCI Interrupt Link [LNKA] (IRQs 5 9 10 *11)
[    9.798390] ACPI: PCI Interrupt Link [LNKB] (IRQs 5 9 *10 11)
[    9.830284] ACPI: PCI Interrupt Link [LNKC] (IRQs 5 *9 10 11)
[    9.882225] ACPI: PCI Interrupt Link [LNKD] (IRQs 5 9 10 *11)
[    9.934123] ACPI: Enabled 2 GPEs in block 00 to 07
[    9.954941] vgaarb: setting as boot device: PCI:0000:00:02.0
[    9.989840] vgaarb: device added: PCI:0000:00:02.0,decodes=io+mem,owns=io+mem,locks=none
[   10.011305] vgaarb: loaded
[   10.028392] vgaarb: bridge control possible 0000:00:02.0
[   10.038308] SCSI subsystem initialized
[   10.042778] ACPI: bus type USB registered
[   10.043911] usbcore: registered new interface driver usbfs
[   10.045295] usbcore: registered new interface driver hub
[   10.053733] usbcore: registered new device driver usb
[   10.058588] PCI: Using ACPI for IRQ routing
[   10.063432] NetLabel: Initializing
[   10.066121] NetLabel:  domain hash size = 128
[   10.067287] NetLabel:  protocols = UNLABELED CIPSOv4
[   10.070893] NetLabel:  unlabeled traffic allowed by default
[   10.072499] amd_nb: Cannot enumerate AMD northbridges
[   10.074005] clocksource: Switched to clocksource kvm-clock
[   10.084820] AppArmor: AppArmor Filesystem Enabled
[   10.085901] pnp: PnP ACPI init
[  1.07629] np PP ACPI: fnd3 evce

[  1.32663] loksure:aci_m:mak:0xffffma_ccles: 0xffffff, max_idle_ns: 20870024 ns[  1.9541]NE: egstred protocol family 2

[   11.139831] TCP established hash table entries: 16384 (order: 5, 131072 bytes)
[   11.141835] TC bind hshtaleenris:1684(ode: , 6244byte)[  1.5022]TC: as tbls configre (estaised1684bid 634)
[  1.0551]UD hsh table entries: 1024 (order: 3, 32768 bytes)
[   12.248269] UDP-Lite hash tableentries: 1024 (order: 3, 32768 bytes)
[   12.273885] NET: Registered protocol family 1
[   12.275002] pci 0000:00:00.0: Limiting direct PCI/PCI transfers
[   12.276692] pci 0000:00:01.0: Activating ISA DMA hang workarond
[   12.325104] Unpacking initramfs...

[   13.999063] Freeing initrd memory: 10884K
[ 140076] lafom tccms: restre platfom TCdeice (no PNP device found)
[   14.441008] Scanning for low memory corruption every 60 seconds

[   14.443075] audit: initializing netlink subsys (disabled)
[   14.444445] audit: type=2000 audit(1526847771.703:1): initialized
[   14.446258] Initialise system trusted keyring
[   14.447629] HugeTLB registered 2 MB page size, pre-allocated 0 pages
[   14.453738] zbud: loaded
[   14.454895] VFS: Disk quotas dquot_6.6.0
[   14.457149] VFS: Dquot-cache hash table entries: 512 (order 0, 4096 bytes)
[   14.460231] squashfs: version 4.0 (2009/01/31) Phillip Lougher
[   14.467192] fuse init (API version 7.23)
[   14.468355] Key type big_key registered
[   14.471276] Allocating IMA MOK and blacklist keyrings.
[   14.536265] Key type asymmetric registered
[   14.538779] Asymmetric key parser 'x509' registered
[   14.540026] Block layer SCSI generic (bsg) driver version 0.4 loaded (major 249)
[   14.595020] io scheduler noop registered
[   14.646347] io scheduler deadline registered (default)
[   14.694877] io scheduler cfq registered
[   14.704816] pci_hotplug: PCI Hot Plug PCI Core version: 0.5
[   14.707137] pciehp: PCI Express Hot Plug Controller Driver version: 0.4
[   14.708872] ACPI: AC Adapter [AC] (on-line)
[   14.730713] input: Power Button as /devices/LNXSYSTM:00/LNXPWRBN:00/input/input0
[   14.796823] ACPI: Power Button [PWRF]
[   14.809023] input: Sleep Button as /devices/LNXSYSTM:00/LNXSLPBN:00/input/input1
[   14.821469] ACPI: Sleep Button [SLPF]
[   14.833037] ACPI: Battery Slot [BAT0] (battery present)
[   14.859438] GHES: HEST is not enabled!
[   14.880469] Serial: 8250/16550 driver, 32 ports, IRQ sharing enabled
[   14.950276] 00:02: ttyS0 at I/O 0x3f8 (irq = 4, base_baud = 115200) is a 16550A
[   14.982978] Linux agpgart interface v0.103
[   14.991887] loop: module loaded
[   15.020740] scsi host0: ata_piix
[   15.023017] tsc: Refined TSC clocksource calibration: 2197.095 MHz
[   15.023020] clocksource: tsc: mask: 0xffffffffffffffff max_cycles: 0x1fab7ad1281, max_idle_ns: 440795307304 ns
[   15.164998] scsi host1: ata_piix
[   15.171339] ata1: PATA max UDMA/33 cmd 0x1f0 ctl 0x3f6 bmdma 0xd000 irq 14
[   15.190985] ata2: PATA max UDMA/33 cmd 0x170 ctl 0x376 bmdma 0xd008 irq 15
[   15.255288] libphy: Fixed MDIO Bus: probed
[   15.295595] tun: Universal TUN/TAP device driver, 1.6
[   15.364118] tun: (C) 1999-2004 Max Krasnyansky <maxk@qualcomm.com>
[   15.410926] PPP generic driver version 2.4.2
[   15.468243] ehci_hcd: USB 2.0 'Enhanced' Host Controller (EHCI) Driver
[   15.499343] ehci-pci: EHCI PCI platform driver
[   15.515184] ehci-platform: EHCI generic platform driver
[   15.525534] ohci_hcd: USB 1.1 'Open' Host Controller (OHCI) Driver
[   15.532284] ohci-pci: OHCI PCI platform driver
[   15.539004] ohci-platform: OHCI generic platform driver
[   15.540529] uhci_hcd: USB Universal Host Controller Interface driver
[   15.546452] i8042: PNP: PS/2 Controller [PNP0303:PS2K,PNP0f03:PS2M] at 0x60,0x64 irq 1,12
[   15.552786] serio: i8042 KBD port at 0x60,0x64 irq 1
[   15.554366] serio: i8042 AUX port at 0x60,0x64 irq 12
[   15.558328] mousedev: PS/2 mouse device common for all mice
[   15.562102] rtc_cmos rtc_cmos: rtc core: registered rtc_cmos as rtc0
[   15.565207] input: AT Translated Set 2 keyboard as /devices/platform/i8042/serio0/input/input2
[   15.567737] rtc_cmos rtc_cmos: alarms up to one day, 114 bytes nvram
[   15.575869] i2c /dev entris rier
[  15.679088] device-mapper:evnt version 1.0.3
[   15.815474] device-mapper: ioctl: 4.34.0-ioctl (2015-10-28) initialised: dm-devel@redhat.com
[   15.826377] ledtrig-cpu: registered to indicate activity on CPUs
[   15.879564] NET: Registered protocol family 10
[   15.896016] NET: Registered protocol family 17
[   15.924937] Key type dns_resolver registered
[   15.961362] registered taskstats version 1
[   16.004235] Loading compiled-in X.509 certificates
[   16.021838] Loaded X.509 cert 'Build time autogenerated kernel key: f854e06633b5f496ced5b2e02c7b14f761b69302'
[   16.084833] zswap: loaded using pool lzo/zbud
[   16.116175] Key type trusted registered
[   16.148088] Key type encrypted registered
[   16.155543] AppArmor: AppArmor sha1 policy hashing enabled
[   16.164820] ima: No TPM chip found, activating TPM-bypass!
[   16.216028] evm: HMAC attrs: 0x1
[   16.247209]   Magic number: 2:442:397
[   16.263815] mem random: hash matches
[   16.286871] rtc_cmos rtc_cmos: setting system clock to 2018-05-20 20:22:58 UTC (1526847778)
[   16.324442] BIOS EDD facility v0.16 2004-Jun-25, 0 devices found
[   16.355677] EDD information not available.
[   16.384337] Freeing unused kernel memory: 1508K
[   16.396521] Write protecting the kernel read-only data: 14336k
[   16.436438] Freeing unused kernel memory: 1696K
[   16.469032] Freeing unused kernel memory: 100K
Loading, please wait...
[   16.515744] random: systemd-udevd: uninitialized urandom read (16 bytes read, 3 bits of entropy available)
starting version[   16.516314] random: udevadm: uninitialized urandom read (16 bytes read, 3 bits of entropy available)
 229
[   16.516331] random: udevadm: uninitialized urandom read (16 bytes read, 3 bits of entropy available)
[   16.522913] random: udevadm: uninitialized urandom read (16 bytes read, 3 bits of entropy available)
[   16.522948] random: udevadm: uninitialized urandom read (16 bytes read, 3 bits of entropy available)
[   16.523055] random: udevadm: uninitialized urandom read (16 bytes read, 3 bits of entropy available)
[   16.523096] random: udevadm: uninitialized urandom read (16 bytes read, 3 bits of entropy available)
[   16.523136] random: udevadm: uninitialized urandom read (16 bytes read, 3 bits of entropy available)
[   16.523177] random: udevadm: uninitialized urandom read (16 bytes read, 3 bits of entropy available)
[   16.523216] random: udevadm: uninitialized urandom read (16 bytes read, 3 bits of entropy available)
[   16.704877] e1000: Intel(R) PRO/1000 Network Driver - version 7.3.21-k8-NAPI
[   16.778622] e1000: Copyright (c) 1999-2006 Intel Corporation.
[   16.827923] Fusion MPT base driver 3.04.20
[   16.864052] Copyright (c) 1999-2008 LSI Corporation
[   16.930999] AVX2 version of gcm_enc/dec engaged.
[   16.953882] AES CTR mode by8 optimization enabled
[   16.985126] Fusion MPT SPI Host driver 3.04.20
[   17.021461] input: ImExPS/2 Generic Explorer Mouse as /devices/platform/i8042/serio1/input/input4
[   17.323188] e1000 0000:00:03.0 eth0: (PCI:33MHz:32-bit) 02:1b:e7:ca:c1:c0
[   17.359221] e1000 0000:00:03.0 eth0: Intel(R) PRO/1000 Network Connection
[   17.415583] mptbase: ioc0: Initiating bringup
[   17.416339] e1000 0000:00:03.0 enp0s3: renamed from eth0
[   17.518441] ioc0: LSI53C1030 A0: Capabilities={Initiator}
[   17.708724] scsi host2: ioc0: LSI53C1030 A0, FwRev=00000000h, Ports=1, MaxQ=256, IRQ=20
[   17.823598] scsi 2:0:0:0: Direct-Access     VBOX     HARDDISK         1.0  PQ: 0 ANSI: 5
[   17.851590] scsi target2:0:0: Beginning Domain Validation
[   17.856750] scsi target2:0:0: Domain Validation skipping write tests
[   18.018874] scsi target2:0:0: Ending Domain Validation
[   18.689946] scsi target2:0:0: asynchronous
[   18.811365] scsi 2:0:1:0: Direct-Access     VBOX     HARDDISK         1.0  PQ: 0 ANSI: 5
[   18.851649] scsi target2:0:1: Beginning Domain Validation
[   18.863944] scsi target2:0:1: Domain Validation skipping write tests
[   18.866826] scsi target2:0:1: Ending Domain Validation
[   18.878896] scsi target2:0:1: asynchronous
[   18.888668] sd 2:0:0:0: Attached scsi generic sg0 type 0
[   18.889799] sd 2:0:0:0: [sda] 20971520 512-byte logical blocks: (10.7 GB/10.0 GiB)
[   18.926986] sd 2:0:1:0: Attached scsi generic sg1 type 0
[   18.927271] sd 2:0:0:0: [sda] Write Protect is off
[   18.927487] sd 2:0:0:0: [sda] Incomplete mode parameter data
[   18.927488] sd 2:0:0:0: [sda] Assuming drive cache: write through
[   18.928598]  sda: sda1
[   18.929330] sd 2:0:0:0: [sda] Attached SCSI disk
[   18.954575] sd 2:0:1:0: [sdb] 20480 512-byte logical blocks: (10.5 MB/10.0 MiB)
[   18.954943] sd 2:0:1:0: [sdb] Write Protect is off
[   18.955099] sd 2:0:1:0: [sdb] Incomplete mode parameter data
[   18.955109] sd 2:0:1:0: [sdb] Assuming drive cache: write through
[   18.957950] sd 2:0:1:0: [sdb] Attached SCSI disk
[   19.783381] floppy0: no floppy controllers found
Begin: Loading e[   21.140833] md: linear personality registered for level -1
ssential drivers[   21.199842] md: multipath personality registered for level -4
 ... [   21.226353] md: raid0 personality registered for level 0
[   21.305780] md: raid1 personality registered for level 1
[   21.447379] raid6: sse2x1   gen()  9596 MB/s
[   21.530072] raid6: sse2x1   xor()  7469 MB/s
[   21.602844] raid6: sse2x2   gen() 11510 MB/s
[   21.683567] raid6: sse2x2   xor()  8711 MB/s
[   21.774046] raid6: sse2x4   gen() 13400 MB/s
[   21.870423] raid6: sse2x4   xor()  9361 MB/s
[   21.990735] raid6: avx2x1   gen() 19630 MB/s
[   22.118231] raid6: avx2x2   gen() 21732 MB/s
[   22.187473] raid6: avx2x4   gen() 24468 MB/s
[   22.213310] raid6: using algorithm avx2x4 gen() 24468 MB/s
[   22.235277] raid6: using avx2x2 recovery algorithm
[   22.274600] xor: automatically using best checksumming function:
[   22.350021]    avx       : 19467.000 MB/sec
[   22.352257] async_tx: api initialized (async)
[   22.400460] md: raid6 personality registered for level 6
[   22.436520] md: raid5 personality registered for level 5
[   22.512735] md: raid4 personality registered for level 4
[   22.522590] md: raid10 personality registered for level 10
done.
Begin: Running /scripts/init-premount ... done.
Begin: M[   22.569296] Btrfs loaded
ounting root file system ... Begin: Running /scr[   22.609333] EXT4-fs (sda1): mounted filesystem with ordered data mode. Opts: (null)
ipts/local-top ... done.
Begin: Running /scripts/local-premount ... Scanning for Btrfs filesystems
done.
Warning: fsck not present, so skipping root file system
done.
Begin: Running /scripts/local-bottom ... done.
Begin: Running /scripts/init-bottom ... done.
[   22.693813] systemd[1]: systemd 229 running in system mode. (+PAM +AUDIT +SELINUX +IMA +APPARMOR +SMACK +SYSVINIT +UTMP +LIBCRYPTSETUP +GCRYPT +GNUTLS +ACL +XZ -LZ4 +SECCOMP +BLKID +ELFUTILS +KMOD -IDN)
[   22.697316] systemd[1]: Detected virtualization oracle.
[   22.708115] systemd[1]: Detected architecture x86-64.

Welcome to [1mUbuntu 16.04.4 LTS[0m!

[   22.799648] systemd[1]: Set hostname to <ubuntu>.
[   22.822665] systemd[1]: Initializing machine ID from random generator.
[   22.825822] systemd[1]: Installed transient /etc/machine-id file.
[   22.938346] systemd[1]: Listening on Device-mapper event daemon FIFOs.
[[0;32m  OK  [0m] Listening on Device-mapper event daemon FIFOs.
[   22.974605] systemd[1]: Started Trigger resolvconf update for networkd DNS.
[[0;32m  OK  [0m] Started Trigger resolvconf update for networkd DNS.
[   23.034422] systemd[1]: Reached target System Time Synchronized.
[[0;32m  OK  [0m] Reached target System Time Synchronized.
[   23.053067] systemd[1]: Listening on Syslog Socket.
[[0;32m  OK  [0m] Listening on Syslog Socket.
[   23.065452] systemd[1]: Set up automount Arbitrary Executable File Formats File System Automount Point.
[[0;32m  OK  [0m] Set up automount Arbitrary Executab...ats File System Automount Point.
[   23.138994] systemd[1]: Listening on udev Kernel Socket.
[[0;32m  OK  [0m] Listening on udev Kernel Socket.
[   23.174394] systemd[1]: Listening on udev Control Socket.
[[0;32m  OK  [0m] Listening on udev Control Socket.
[   23.216004] systemd[1]: Listening on Journal Socket.
[[0;32m  OK  [0m] Listening on Journal Socket.
[   23.222110] systemd[1]: Created slice User and Session Slice.
[[0;32m  OK  [0m] Created slice User and Session Slice.
[   23.228679] systemd[1]: Reached target User and Group Name Lookups.
[[0;32m  OK  [0m] Reached target User and Group Name Lookups.
[   23.233473] systemd[1]: Listening on LVM2 poll daemon socket.
[[0;32m  OK  [0m] Listening on LVM2 poll daemon socket.
[   23.241109] systemd[1]: Started Forward Password Requests to Wall Directory Watch.
[[0;32m  OK  [0m] Started Forward Password Requests to Wall Directory Watch.
[   23.258410] systemd[1]: Listening on /dev/initctl Compatibility Named Pipe.
[[0;32m  OK  [0m] Listening on /dev/initctl Compatibility Named Pipe.
[   23.268470] systemd[1]: Listening on Journal Socket (/dev/log).
[[0;32m  OK  [0m] Listening on Journal Socket (/dev/log).
[   23.278947] systemd[1]: Reached target Encrypted Volumes.
[[0;32m  OK  [0m] Reached target Encrypted Volumes.
[   23.374962] systemd[1]: Listening on LVM2 metadata daemon socket.
[[0;32m  OK  [0m] Listening on LVM2 metadata daemon socket.
[   23.487052] systemd[1]: Created slice System Slice.
[[0;32m  OK  [0m] Created slice System Slice.
[   23.576471] systemd[1]: Created slice system-serial\x2dgetty.slice.
[[0;32m  OK  [0m] Created slice system-serial\x2dgetty.slice.
[   23.679036] systemd[1]: Starting Uncomplicated firewall...
         Starting Uncomplicated firewall...
[   23.718328] systemd[1]: Mounting Debug File System...
         Mounting Debug File System...
[   23.770868] systemd[1]: Starting Monitoring of LVM2 mirrors, snapshots etc. using dmeventd or progress polling...
         Starting Monitoring of LVM2 mirrors... dmeventd or progress polling...
[   23.903015] systemd[1]: Starting Load Kernel Modules...
[   23.915537] Loading iSCSI transport class v2.0-870.
         Startin[   24.913098] iscsi: registered transport (tcp)
g Load Kernel Modules...
[   24.940252] iscsi: registered transport (iser)
[   25.851054] systemd[1]: Starting Remount Root and Kernel File Systems...
[   25.851342] random: nonblocking pool is initialized
[   25.856570] EXT4-fs (sda1): re-mounted. Opts: (null)
         Starting Remount Root and Kernel File Systems...
[   26.042827] systemd[1]: Starting Set console keymap...
         Starting Set console keymap...
[   26.162353] systemd[1]: Mounting POSIX Message Queue File System...
         Mounting POSIX Message Queue File System...
[   26.262403] systemd[1]: Starting Create list of required static device nodes for the current kernel...
         Starting Create list of required st... nodes for the current kernel...
[   26.354823] systemd[1]: Reached target Slices.
[[0;32m  OK  [0m] Reached target Slices.
[   26.410624] systemd[1]: Mounting Huge Pages File System...
         Mounting Huge Pages File System...
[   26.462613] systemd[1]: Starting Nameserver information manager...
         Starting Nameserver information manager...
[   26.506125] systemd[1]: Listening on Journal Audit Socket.
[[0;32m  OK  [0m] Listening on Journal Audit Socket.
[   26.519079] systemd[1]: Starting Journal Service...
         Starting Journal Service...
[   26.528093] systemd[1]: Reached target Swap.
[[0;32m  OK  [0m] Reached target Swap.
[   26.532413] systemd[1]: Mounted POSIX Message Queue File System.
[[0;32m  OK  [0m] Mounted POSIX Message Queue File System.
[   26.541676] systemd[1]: Mounted Huge Pages File System.
[[0;32m  OK  [0m] Mounted Huge Pages File System.
[   26.547862] systemd[1]: Mounted Debug File System.
[[0;32m  OK  [0m] Mounted Debug File System.
[   26.551695] systemd[1]: Started Journal Service.
[[0;32m  OK  [0m] Started Journal Service.
[[0;32m  OK  [0m] Started Uncomplicated firewall.
[[0;32m  OK  [0m] Started Load Kernel Modules.
[[0;32m  OK  [0m] Started Remount Root and Kernel File Systems.
[[0;32m  OK  [0m] Started Set console keymap.
[[0;32m  OK  [0m] Started Create list of required sta...ce nodes for the current kernel.
[[0;32m  OK  [0m] Started Nameserver information manager.
[[0;32m  OK  [0m] Started LVM2 metadata daemon.
         Starting Create Static Device Nodes in /dev...
         Starting udev Coldplug all Devices...
         Starting Load/Save Random Seed...
         Starting Initial cloud-init job (pre-networking)...
         Mounting FUSE Control File System...
         Starting Apply Kernel Variables...
         Starting Flush Journal to Persistent Storage...
[[0;32m  OK  [0m] Mounted FUSE Control File System.
[[0;32m  OK  [0m] Started Create Static Device Nodes in /dev.
[[0;32m  OK  [0m] Started Load/Save Random Seed.
[[0;32m  OK  [0m] Started Apply Kernel Variables.
[[0;32m  OK  [0m] Started udev Coldplug all Devices.
[[0;32m  OK  [0m] Started Flush Journal to Persistent Storage.
         Starting udev Kernel Device Manager...
[[0;32m  OK  [0m] Started udev Kernel Device Manager.
[[0;32m  OK  [0m] Started Monitoring of LVM2 mirrors,...ng dmeventd or progress polling.
[[0;32m  OK  [0m] Reached target Local File Systems (Pre).
[[0;32m  OK  [0m] Reached target Local File Systems.
         Starting LSB: AppArmor initialization...
         Starting Tell Plymouth To Write Out Runtime Data...
         Starting Commit a transient machine-id on disk...
         Starting Set console font and keymap...
         Starting Create Volatile Files and Directories...
[[0;32m  OK  [0m] Started Dispatch Password Requests to Console Directory Watch.
[[0;32m  OK  [0m] Started Tell Plymouth To Write Out Runtime Data.
[[0;32m  OK  [0m] Started Commit a transient machine-id on disk.
[[0;32m  OK  [0m] Started Create Volatile Files and Directories.
[[0;32m  OK  [0m] Found device /dev/ttyS0.
[[0;32m  OK  [0m] Listening on Load/Save RF Kill Switch Status /dev/rfkill Watch.
         Starting Update UTMP about System Boot/Shutdown...
[[0;32m  OK  [0m] Started Update UTMP about System Boot/Shutdown.
[   18.235406] cloud-init[456]: Cloud-init v. 17.2 running 'init-local' at Sun, 20 May 2018 20:23:09 +0000. Up 17.82 seconds.
[[0;32m  OK  [0m] Started Initial cloud-init job (pre-networking).
[[0;32m  OK  [0m] Reached target Network (Pre).
[[0;32m  OK  [0m] Started LSB: AppArmor initialization.
         Starting Raise network interfaces...
[[0;32m  OK  [0m] Started Set console font and keymap.
[[0;32m  OK  [0m] Created slice system-getty.slice.
[[0;32m  OK  [0m] Started Raise network interfaces.
[[0;32m  OK  [0m] Reached target Network.
         Starting Initial cloud-init job (metadata service crawler)...
[   21.828776] cloud-init[948]: Cloud-init v. 17.2 running 'init' at Sun, 20 May 2018 20:23:12 +0000. Up 21.33 seconds.
[   21.892693] cloud-init[948]: ci-info: +++++++++++++++++++++++++++++++++++++Net device info++++++++++++++++++++++++++++++++++++++
[   21.952570] cloud-init[948]: ci-info: +--------+------+----------------------------+---------------+-------+-------------------+
[[0;32m  OK  [0m] Started Initial cloud-init job (metadata service crawler).
[[0;32m  OK  [0m] Reached target System Initialization.
[   22.012757] cloud-init[948]: ci-info: | Device |  Up  |          Address           |      Mask     | Scope |     Hw-Address    |
[   22.176666] [cloud-init[0;32m  OK  [0m[948]: ] ci-info: +--------+------+----------------------------+---------------+-------+-------------------+Started ACPI Events Check.

[   22.292610] [cloud-init[0;32m  OK  [0m[948]: ] ci-info: | enp0s3 | True |         10.0.2.15          | 255.255.255.0 |   .   | 02:1b:e7:ca:c1:c0 |Reached target Paths.

[   22.400291] [cloud-init[0;32m  OK  [0m[948]: ] ci-info: | enp0s3 | True | fe80::1b:e7ff:feca:c1c0/64 |       .       |  link | 02:1b:e7:ca:c1:c0 |Started Timer to automatically refresh installed snaps.

[   22.550892] [cloud-init[0;32m  OK  [0m[948]: ] ci-info: |   lo   | True |         127.0.0.1          |   255.0.0.0   |   .   |         .         |Listening on D-Bus System Message Bus Socket.

[   22.591027] [[0;32m  OK  [0m] Listening on ACPID Listen Socket.
[[0;32m  OK  [0m] Started Daily Cleanup of Temporary Directories.
[[0;32m  OK  [0m] Listening on UUID daemon activation socket.
cloud-init[948]: ci-info: |   lo   | True |          ::1/128           |       .       |  host |         .         |
[   22.607077]          Starting Socket activation for snappy daemon.
cloud-init[948]: ci-info: +--------+------+----------------------------+---------------+-------+-------------------+
[   22.630495]          cloud-initStarting LXD - unix socket.[948]: 
ci-info: +++++++++++++++++++++++++++Route IPv4 info++++++++++++++++++++++++++++
[   22.813334] [cloud-init[0;32m  OK  [0m[948]: ] ci-info: +-------+-------------+----------+---------------+-----------+-------+Started Daily apt download activities.

[   22.928734] [cloud-init[0;32m  OK  [0m[948]: ] ci-info: | Route | Destination | Gateway  |    Genmask    | Interface | Flags |Started Daily apt upgrade and clean activities.

[[0;32m  OK  [0m] Reached target Timers.
[   22.929613] cloud-init[948]: ci-info: +-------+-------------+----------+---------------+-----------+-------+
[[0;32m  OK  [0m] Reached target Cloud-config availability.
[[0;32m  OK  [0m] Reached target Network is Online.
[   23.022204] cloud-init[948]: ci-info: |   0   |   0.0.0.0   | 10.0.2.2 |    0.0.0.0    |   enp0s3  |   UG  |
         Starting iSCSI initiator daemon (iscsid)...
[   23.256760] cloud-init[948]: ci-info: |   1   |   10.0.2.0  | 0.0.0.0  | 255.255.255.0 |   enp0s3  |   U   |
[   23.352574] [cloud-init[0;32m  OK  [0m[948]: ] ci-info: +-------+-------------+----------+---------------+-----------+-------+Listening on Socket activation for snappy daemon.

[   23.484565] [cloud-init[0;32m  OK  [0m[948]: ] Generating public/private rsa key pair.Listening on LXD - unix socket.

[   23.536959] [cloud-init[0;32m  OK  [0m[948]: ] Your identification has been saved in /etc/ssh/ssh_host_rsa_key.Started iSCSI initiator daemon (iscsid).

[   23.576525]          Starting Login to default iSCSI targets...
[[0;32m  OK  [0m] Reached target Sockets.
cloud-init[948]: Your public key has been saved in /etc/ssh/ssh_host_rsa_key.pub.
[   23.624497] [cloud-init[0;32m  OK  [0m[948]: ] The key fingerprint is:Reached target Basic System.

[   23.693997] [[0;32m  OK  [0m] Started Unattended Upgrades Shutdown.
cloud-init[948]: SHA256:8S4LJnqkM4WJNstzD0VyyPgN+Gss3cz97tQSu/tstSI root@ubuntu-xenial
[   23.716765] [cloud-init[0;32m  OK  [0m[948]: ] The key's randomart image is:Started ACPI event daemon.

[   23.717900] cloud-init[948]: +---[RSA 2048]----+
[   23.752549] cloud-init[948]: |                 |
         Starting LXD - container startup/shutdown...
[   23.753594] cloud-init[948]: |  + .            |
[   23.808880]          cloud-initStarting LSB: MD monitoring daemon...[948]: 
| o = o  .        |
[   23.848396]          cloud-initStarting LSB: Record successful boot for GRUB...[948]: 
|  o *    o       |
[   23.890068] [cloud-init[0;32m  OK  [0m[948]: ] | . = o  S..      |Started Deferred execution scheduler.

[   23.956481] [cloud-init[0;32m  OK  [0m[948]: ] |.o= O .  .+  .   |Started Regular background program processing daemon.

[   24.006176]          Starting Apply the settings specified in cloud-config...
cloud-init[948]: |o.oX.+o..+... .  |
[   24.057528] [[0;32m  OK  [0m] Started D-Bus System Message Bus.
cloud-init[948]: | +*ooo .oE+o .   |
[   24.072862] cloud-init[948]: |  ++..  +*=o.    |
         Starting Accounts Service...
[   24.084580] cloud-init[948]: +----[SHA256]-----+
[   24.111365]          Starting Snappy daemon...
cloud-init         Starting /etc/rc.local Compatibility...
         Starting Virtualbox guest utils...
         Starting System Logging Service...
         Starting Login Service...
[[0;32m  OK  [0m] Started FUSE filesystem for LXC.
[948]: Generating public/private dsa key pair.
[   24.200485]          cloud-initStarting Pollinate to seed the pseudo random number generator...[948]: 
Your identification has been saved in /etc/ssh/ssh_host_dsa_key.
[   24.283726] [[0;32m  OK  [0m] Started System Logging Service.
cloud-init[948]: Your public key has been saved in /etc/ssh/ssh_host_dsa_key.pub.
[   24.312473] [cloud-init[0;32m  OK  [0m[948]: ] The key fingerprint is:Started Snappy daemon.

[   24.313216] [cloud-init[0;32m  OK  [0m[948]: ] SHA256:ubRt4I0fGlV+uVvkxTvb4nLb4/QvJb+rKycs/OMM834 root@ubuntu-xenialStarted LXD - container startup/shutdown.

[   24.469561] [cloud-init[0;32m  OK  [0m[948]: ] The key's randomart image is:Started /etc/rc.local Compatibility.

[   24.544648] [cloud-init[0;32m  OK  [0m[948]: ] +---[DSA 1024]----+Started Login to default iSCSI targets.

[[0;32m  OK  [0m] Started LSB: MD monitoring daemon.
[   24.545139] cloud-init[948]: |                 |
[   24.700347] [[0;32m  OK  [0m] Started LSB: Record successful boot for GRUB.
cloud-init[948]: |                 |
[   24.758311] cloud-init[948]: |            .    |
         Starting Authenticate and Authorize Users to Run Privileged Tasks...
[   24.758628] cloud-init[948]: |         . o   o |
[   24.828621] cloud-init[948]: |        S . . o +|
[   24.829106] cloud-init[948]: |       o O   ..++|
[[0;32m  OK  [0m] Reached target Remote File Systems (Pre).
[   24.829908] cloud-init[948]: |        Bo*   .Bo|
[   24.835535] cloud-init[948]: |         B=*.E==*|
[[0;32m  OK  [0m] Reached target Remote File Systems.
[   24.835762] cloud-init[948]: |        . ****BOX|
[   24.850260] cloud-init[948]: +----[SHA256]-----+
[   24.853300] cloud-init[948]: Generating public/private ecdsa key pair.
         Starting Permit User Sessions...
[   24.860244] cloud-init[948]: Your identification has been saved in /etc/ssh/ssh_host_ecdsa_key.
[   24.874569] cloud-init[948]: Your public key has been saved in /etc/ssh/ssh_host_ecdsa_key.pub.
[   24.874921] cloud-init[948]: The key fingerprint is:
[   24.876343] cloud-init[948]: SHA256:JXL6z376EoQnHS5ZG8DpJvngSGT4AdwYFU1cYw36zrc root@ubuntu-xenial
[   24.876496] cloud-init[948]: The key's randomart image is:
         Starting LSB: daemon to balance interrupts for SMP systems...
[   24.876753] cloud-init[948]: +---[ECDSA 256]---+
[   24.938357] cloud-init[948]: | .oBo=.o*=       |
[   24.940133] cloud-init[948]: |  + = ooo.=      |
[   24.941863] cloud-init[948]: |   + .ooo*.+     |
[   24.944667] cloud-init[948]: |    o +=Bo*      |
[   24.946797] cloud-init[948]: |   . o.=S=       |
[   24.948334] cloud-init[948]: |    . .+. .      |
[   24.950116] cloud-init[948]: |        + ..     |
[   24.952952] cloud-init[948]: |         +...    |
[   24.953211]          cloud-initStarting LSB: automatic crash report generation...[948]: 
|         .E=.    |
[   24.963965] cloud-init[948]: +----[SHA256]-----+
[   24.964369] cloud-init[948]: Generating public/private ed25519 key pair.
         Starting LSB: Set the CPU Frequency Scaling governor to "ondemand"...
[[0;32m  OK  [0m] Started Virtualbox guest utils.
[[0;32m  OK  [0m] Started Permit User Sessions.
[[0;32m  OK  [0m] Started Login Service.
[[0;32m  OK  [0m] Started Authenticate and Authorize Users to Run Privileged Tasks.
[[0;32m  OK  [0m] Started Accounts Service.
[   24.965551] cloud-init[948]: Your identification has been saved in /etc/ssh/ssh_host_ed25519_key.
[   25.041854] cloud-init[948]: Your public key has been saved in /etc/ssh/ssh_host_ed25519_key.pub.
[   25.049777] cloud-init[948]: The key fingerprint is:
[   25.050123] cloud-init[948]: SHA256:I4SUywztsaW+L8DeHTHoo0MaAGFRANeZk7FXcH4XZaM root@ubuntu-xenial
         Starting Terminate Plymouth Boot Screen...
[   25.050666] cloud-init[948]: The key's randomart image is:
[   25.065341] cloud-init[948]: +--[ED25519 256]--+
[   25.067458] cloud-init[948]: |+==+o*..o   ..+  |
[   25.071894] cloud-init[948]: |o...Xo.+     + . |
[   25.082085] cloud-init[948]: |.  =oOo . . E    |
[   25.086045] cloud-init[948]: |.   Ooo  . .     |
[   25.086506] cloud-init[948]: |.. o  .oS        |
[   25.086871] cloud-init[948]: |. + + .. .       |
         Starting Hold until boot process finishes up...
[   25.088283] cloud-init[948]: | = + + .         |
[[   25.095433] cloud-init[948]: |. + + .          |
[   25.096044] cloud-init[948]: |   . o.          |
[   25.097368] cloud-init[948]: +----[SHA256]-----+
[0;32m  OK  [0m] Started Pollinate to seed the pseudo random number generator.
[   25.100616] cloud-init[1071]: Generating locales (this might take a while)...
[[0;32m  OK  [0m] Started LSB: daemon to balance interrupts for SMP systems.
[[0;32m  OK  [0m] Started LSB: automatic crash report generation.
[[0;32m  OK  [0m] Started LSB: Set the CPU Frequency Scaling governor to "ondemand".
[[0;32m  OK  [0m] Started Terminate Plymouth Boot Screen.
[[0;32m  OK  [0m] Started Hold until boot process finishes up.
[[0;32m  OK  [0m] Started Getty on tty1.
         Starting Set console scheme...
[[0;32m  OK  [0m] Started Serial Getty on ttyS0.
[[0;32m  OK  [0m] Reached target Login Prompts.
         Starting OpenBSD Secure Shell server...
[[0;32m  OK  [0m] Started Set console scheme.
[[0;32m  OK  [0m] Started OpenBSD Secure Shell server.
[[0;32m  OK  [0m] Reached target Multi-User System.
[[0;32m  OK  [0m] Reached target Graphical Interface.
         Starting Update UTMP about System Runlevel Changes...
[[0;32m  OK  [0m] Started Update UTMP about System Runlevel Changes.
[[0;32m  OK  [0m] Created slice User Slice of vagrant.
[   25.398306] cloud-init[1071]:   en_US.UTF-8... done
[[0;32m  OK  [0m] Started Session 1 of user vagrant.
[   25.462938] cloud-init[1071]: Generation complete.
         Starting User Manager for UID 1000...
[[0;32m  OK  [0m] Started User Manager for UID 1000.
[   25.662252] cloud-init[1071]: Cloud-init v. 17.2 running 'modules:config' at Sun, 20 May 2018 20:23:15 +0000. Up 24.27 seconds.
[[0;32m  OK  [0m] Started Apply the settings specified in cloud-config.
         Starting Execute cloud user/final scripts...
ci-info: no authorized ssh keys fingerprints found for user ubuntu.
<14>May 20 20:23:17 ec2: 
<14>May 20 20:23:17 ec2: #############################################################
<14>May 20 20:23:17 ec2: -----BEGIN SSH HOST KEY FINGERPRINTS-----
<14>May 20 20:23:17 ec2: 1024 SHA256:ubRt4I0fGlV+uVvkxTvb4nLb4/QvJb+rKycs/OMM834 root@ubuntu-xenial (DSA)
<14>May 20 20:23:17 ec2: 256 SHA256:JXL6z376EoQnHS5ZG8DpJvngSGT4AdwYFU1cYw36zrc root@ubuntu-xenial (ECDSA)
<14>May 20 20:23:17 ec2: 256 SHA256:I4SUywztsaW+L8DeHTHoo0MaAGFRANeZk7FXcH4XZaM root@ubuntu-xenial (ED25519)
<14>May 20 20:23:17 ec2: 2048 SHA256:8S4LJnqkM4WJNstzD0VyyPgN+Gss3cz97tQSu/tstSI root@ubuntu-xenial (RSA)
<14>May 20 20:23:17 ec2: -----END SSH HOST KEY FINGERPRINTS-----
<14>May 20 20:23:17 ec2: #############################################################
-----BEGIN SSH HOST KEY KEYS-----
ecdsa-sha2-nistp256 AAAAE2VjZHNhLXNoYTItbmlzdHAyNTYAAAAIbmlzdHAyNTYAAABBBFUVbxDLGLpQNNxZth6Iu6Zs4BNJMVrXfSW0ZWinYcrgQ8dGP5oLHLmq5kLfUcmYbqAg7QkD049cb55sfsbQaWM= root@ubuntu-xenial
ssh-ed25519 AAAAC3NzaC1lZDI1NTE5AAAAIG2MqZCJBTLdj7j98ZfD1z+zTDQI38fF5GFuHxuplbK4 root@ubuntu-xenial
ssh-rsa AAAAB3NzaC1yc2EAAAADAQABAAABAQCvMufkSGHJPV183F8FrgkJvfa46clEgHG5SP/EM/W7eOqV93yxtnU+me7UlvA4lb7WpNYABjiCnaduKnKFp2w0D61o1p4I97HHK7mJSQeDFK/fUl43VWO9eHnRfxquhkVqutGyzIwJ27v9Trtcd+dLbVpNcXEIiiLl0dvGygiHZhPoqNbNlfIrXyHN67ut4GFfHcwV7seRxnqk6AARl0TuEuOpDB6+qCPCHs/3SwGBCn0Jbpg+06srylNC51JX+32PZkd3WC3YRL86VnmJ1wBXCl8YQPzN95g+PswDlwytdQw/nYUSZ5FD6Hf0DNcjO1ijnHZ3oIKMhE70TJjnK6pf root@ubuntu-xenial
-----END SSH HOST KEY KEYS-----
         Stopping User Manager for UID 1000...
[[0;32m  OK  [0m] Stopped User Manager for UID 1000.
[   26.823640] cloud-init[1360]: Cloud-init v. 17.2 running 'modules:final' at Sun, 20 May 2018 20:23:17 +0000. Up 26.07 seconds.
[   26.839065] cloud-init[1360]: ci-info: no authorized ssh keys fingerprints found for user ubuntu.
[   26.840787] cloud-init[1360]: Cloud-init v. 17.2 finished at Sun, 20 May 2018 20:23:18 +0000. Datasource DataSourceNoCloud [seed=/dev/sdb][dsmode=net].  Up 26.81 seconds
[[0;32m  OK  [0m] Removed slice User Slice of vagrant.
[[0;32m  OK  [0m] Started Execute cloud user/final scripts.
[[0;32m  OK  [0m] Reached target Cloud-init target.

Ubuntu 16.04.4 LTS ubuntu-xenial ttyS0

ubuntu-xenial login: 